2026-03-18 09:37:46,743 - src.etl - INFO - Cleaning data...
2026-03-18 09:37:46,821 - src.etl - INFO - Cleaning data...
2026-03-18 09:37:46,847 - src.features - INFO - Creating temporal features...
2026-03-18 09:37:46,865 - src.features - INFO - Creating lag features for target 'quantity'...
2026-03-18 09:38:45,124 - src.etl - INFO - Cleaning data...
2026-03-18 09:38:45,135 - src.etl - INFO - Cleaning data...
2026-03-18 09:38:45,144 - src.features - INFO - Creating temporal features...
2026-03-18 09:38:45,149 - src.features - INFO - Creating lag features for target 'quantity'...
2026-03-18 09:41:58,903 - __main__ - INFO - Loading data from data/raw/balaji_fast_food_sales.csv...
2026-03-18 09:41:58,925 - __main__ - INFO - Cleaning data...
2026-03-18 09:41:58,945 - __main__ - INFO - Aggregating to daily sales by item...
2026-03-18 09:41:58,992 - __main__ - INFO - Data aggregation completed! Saved to data/processed/daily_sales.csv
2026-03-18 09:42:00,253 - __main__ - INFO - Creating temporal features...
2026-03-18 09:42:00,260 - __main__ - INFO - Creating lag features for target 'quantity'...
2026-03-18 09:42:00,270 - __main__ - INFO - Creating rolling average features for target 'quantity'...
2026-03-18 09:42:00,288 - __main__ - INFO - Adding US holidays...
2026-03-18 09:42:00,909 - __main__ - INFO - Encoding categorical variables...
2026-03-18 09:42:00,923 - __main__ - INFO - Feature engineering completed! Saved to data/processed/features.csv
2026-03-18 09:42:06,989 - __main__ - INFO - Preparing data for multi-model competition...
2026-03-18 09:42:07,104 - __main__ - INFO - Splitting data with split date: 2023-01-19 00:00:00
2026-03-18 09:42:07,119 - __main__ - INFO - --- Starting Model Training and Evaluation ---
2026-03-18 09:42:07,119 - __main__ - INFO - Training and validating XGBoost using TimeSeriesSplit...
2026-03-18 09:42:10,585 - __main__ - INFO - XGBoost CV RMSE: 7.0203
2026-03-18 09:42:10,752 - __main__ - INFO - Training and validating LightGBM using TimeSeriesSplit...
2026-03-18 09:42:13,537 - __main__ - INFO - LightGBM CV RMSE: 6.8872
2026-03-18 09:42:13,579 - __main__ - INFO - Training and validating CatBoost using TimeSeriesSplit...
2026-03-18 09:42:14,973 - __main__ - INFO - CatBoost CV RMSE: 6.6475
2026-03-18 09:42:15,220 - __main__ - INFO - Training and validating Random Forest using TimeSeriesSplit...
2026-03-18 09:42:16,516 - __main__ - INFO - Random Forest CV RMSE: 6.6198
2026-03-18 09:42:16,865 - __main__ - INFO - Training and validating Gradient Boosting using TimeSeriesSplit...
2026-03-18 09:42:17,694 - __main__ - INFO - Gradient Boosting CV RMSE: 7.3747
2026-03-18 09:42:17,943 - __main__ - INFO - Training and validating Ridge Regression using TimeSeriesSplit...
2026-03-18 09:42:18,112 - __main__ - INFO - Ridge Regression CV RMSE: 6.4438
2026-03-18 09:42:18,132 - __main__ - INFO - 
Model Comparison Results:
            Model  CV_RMSE  Test_RMSE      MAE        R2     MAPE    SMAPE  Waste_Reduction_%
 Ridge Regression 6.443779   6.448792 4.925436 -0.027828 0.941341 0.522507          14.202585
    Random Forest 6.619771   6.457384 5.005436 -0.030569 1.030913 0.526543           0.382684
         CatBoost 6.647484   6.475198 4.973287 -0.036263 0.982780 0.522848           7.582472
          XGBoost 7.020297   7.080978 5.325550 -0.239225 0.906452 0.584415          24.537593
         LightGBM 6.887178   7.226535 5.444384 -0.290696 0.958997 0.592411          16.373058
Gradient Boosting 7.374748   7.305667 5.461232 -0.319117 1.023077 0.578821           5.030669
2026-03-18 09:42:18,134 - __main__ - INFO - Saved Best Model (Ridge Regression) to models/best_model_Ridge_Regression.pkl
2026-03-18 09:42:18,151 - __main__ - INFO - Metrics and Predictions saved successfully.
2026-03-18 09:54:12,174 - __main__ - INFO - Loading data from data/raw/balaji_fast_food_sales.csv...
2026-03-18 09:54:12,206 - __main__ - INFO - Cleaning data...
2026-03-18 09:54:12,256 - __main__ - INFO - Aggregating to daily sales by item...
2026-03-18 09:54:12,297 - __main__ - INFO - Data aggregation completed! Saved to data/processed/daily_sales.csv
2026-03-18 09:54:13,563 - __main__ - INFO - Creating temporal features...
2026-03-18 09:54:13,568 - __main__ - INFO - Creating lag features for target 'quantity'...
2026-03-18 09:54:13,579 - __main__ - INFO - Creating rolling average features for target 'quantity'...
2026-03-18 09:54:13,594 - __main__ - INFO - Adding US holidays...
2026-03-18 09:54:14,061 - __main__ - INFO - Encoding categorical variables...
2026-03-18 09:54:14,074 - __main__ - INFO - Feature engineering completed! Saved to data/processed/features.csv
2026-03-18 09:57:06,601 - __main__ - INFO - Loading data from data/raw/balaji_fast_food_sales.csv...
2026-03-18 09:57:06,717 - __main__ - INFO - Cleaning data...
2026-03-18 09:57:06,834 - __main__ - INFO - Aggregating to daily sales by item...
2026-03-18 09:57:06,925 - __main__ - INFO - Data aggregation completed! Saved to data/processed/daily_sales.csv
2026-03-18 09:57:11,626 - __main__ - INFO - Creating temporal features...
2026-03-18 09:57:11,633 - __main__ - INFO - Creating lag features for target 'quantity'...
2026-03-18 09:57:11,645 - __main__ - INFO - Creating rolling average features for target 'quantity'...
2026-03-18 09:57:11,728 - __main__ - INFO - Adding US holidays...
2026-03-18 09:57:12,775 - __main__ - INFO - Encoding categorical variables...
2026-03-18 09:57:12,815 - __main__ - INFO - Feature engineering completed! Saved to data/processed/features.csv
2026-03-18 09:57:28,992 - __main__ - INFO - Preparing data for multi-model competition...
2026-03-18 09:57:29,007 - __main__ - INFO - Splitting data with split date: 2023-01-19 00:00:00
2026-03-18 09:57:29,021 - __main__ - INFO - --- Starting Model Training and Evaluation ---
2026-03-18 09:57:29,022 - __main__ - INFO - Training and validating XGBoost using TimeSeriesSplit...
2026-03-18 09:58:23,138 - __main__ - INFO - XGBoost CV RMSE: 7.0203
2026-03-18 09:58:23,343 - __main__ - INFO - Training and validating LightGBM using TimeSeriesSplit...
2026-03-18 09:58:46,311 - __main__ - INFO - LightGBM CV RMSE: 6.8872
2026-03-18 09:58:46,758 - __main__ - INFO - Training and validating CatBoost using TimeSeriesSplit...
2026-03-18 09:58:50,450 - __main__ - INFO - CatBoost CV RMSE: 6.6475
2026-03-18 09:58:51,055 - __main__ - INFO - Training and validating Random Forest using TimeSeriesSplit...
2026-03-18 09:58:57,033 - __main__ - INFO - Random Forest CV RMSE: 6.6198
2026-03-18 09:58:59,148 - __main__ - INFO - Training and validating Gradient Boosting using TimeSeriesSplit...
2026-03-18 09:59:02,567 - __main__ - INFO - Gradient Boosting CV RMSE: 7.3747
2026-03-18 09:59:03,582 - __main__ - INFO - Training and validating Ridge Regression using TimeSeriesSplit...
2026-03-18 09:59:03,751 - __main__ - INFO - Ridge Regression CV RMSE: 6.4438
2026-03-18 09:59:03,787 - __main__ - INFO - 
Model Comparison Results:
            Model  CV_RMSE  Test_RMSE      MAE        R2     MAPE    SMAPE  Waste_Reduction_%
 Ridge Regression 6.443779   6.448792 4.925436 -0.027828 0.941341 0.522507          14.202585
    Random Forest 6.619771   6.457384 5.005436 -0.030569 1.030913 0.526543           0.382684
         CatBoost 6.647484   6.475198 4.973287 -0.036263 0.982780 0.522848           7.582472
          XGBoost 7.020297   7.080978 5.325550 -0.239225 0.906452 0.584415          24.537593
         LightGBM 6.887178   7.226535 5.444384 -0.290696 0.958997 0.592411          16.373058
Gradient Boosting 7.374748   7.305667 5.461232 -0.319117 1.023077 0.578821           5.030669
2026-03-18 09:59:03,790 - __main__ - INFO - Saved Best Model (Ridge Regression) to models/best_model_Ridge_Regression.pkl
2026-03-18 09:59:03,836 - __main__ - INFO - Metrics and Predictions saved successfully.
2026-03-18 09:59:36,942 - src.etl - INFO - Cleaning data...
2026-03-18 09:59:36,984 - src.etl - INFO - Cleaning data...
2026-03-18 09:59:37,024 - src.features - INFO - Creating temporal features...
2026-03-18 09:59:37,048 - src.features - INFO - Creating lag features for target 'quantity'...
2026-03-18 10:01:44,529 - __main__ - INFO - Loading data from data/raw/balaji_fast_food_sales.csv...
2026-03-18 10:01:44,581 - __main__ - INFO - Cleaning data...
2026-03-18 10:01:44,641 - __main__ - INFO - Aggregating to daily sales by item...
2026-03-18 10:01:44,699 - __main__ - INFO - Data aggregation completed! Saved to data/processed/daily_sales.csv
2026-03-18 10:01:48,592 - __main__ - INFO - Creating temporal features...
2026-03-18 10:01:48,615 - __main__ - INFO - Creating lag features for target 'quantity'...
2026-03-18 10:01:48,642 - __main__ - INFO - Creating rolling average features for target 'quantity'...
2026-03-18 10:01:48,705 - __main__ - INFO - Adding US holidays...
2026-03-18 10:01:49,713 - __main__ - INFO - Encoding categorical variables...
2026-03-18 10:01:49,763 - __main__ - INFO - Feature engineering completed! Saved to data/processed/features.csv
2026-03-18 10:02:10,201 - __main__ - INFO - Preparing data for multi-model competition...
2026-03-18 10:02:10,217 - __main__ - INFO - Splitting data with split date: 2023-01-19 00:00:00
2026-03-18 10:02:10,222 - __main__ - INFO - --- Starting Model Training and Evaluation ---
2026-03-18 10:02:10,223 - __main__ - INFO - Training and validating XGBoost using TimeSeriesSplit...
2026-03-18 10:02:35,180 - __main__ - INFO - XGBoost CV RMSE: 7.0203
2026-03-18 10:02:35,366 - __main__ - INFO - Training and validating LightGBM using TimeSeriesSplit...
2026-03-18 10:02:58,568 - __main__ - INFO - LightGBM CV RMSE: 6.8872
2026-03-18 10:03:06,639 - __main__ - INFO - Training and validating CatBoost using TimeSeriesSplit...
2026-03-18 10:03:12,934 - __main__ - INFO - CatBoost CV RMSE: 6.6475
2026-03-18 10:03:14,287 - __main__ - INFO - Training and validating Random Forest using TimeSeriesSplit...
2026-03-18 10:03:21,454 - __main__ - INFO - Random Forest CV RMSE: 6.6198
2026-03-18 10:03:23,326 - __main__ - INFO - Training and validating Gradient Boosting using TimeSeriesSplit...
2026-03-18 10:03:26,787 - __main__ - INFO - Gradient Boosting CV RMSE: 7.3747
2026-03-18 10:03:28,168 - __main__ - INFO - Training and validating Ridge Regression using TimeSeriesSplit...
2026-03-18 10:03:28,289 - __main__ - INFO - Ridge Regression CV RMSE: 6.4438
2026-03-18 10:03:28,383 - __main__ - INFO - 
Model Comparison Results:
            Model  CV_RMSE  Test_RMSE      MAE        R2     MAPE    SMAPE  Waste_Reduction_%
 Ridge Regression 6.443779   6.448792 4.925436 -0.027828 0.941341 0.522507          14.202585
    Random Forest 6.619771   6.457384 5.005436 -0.030569 1.030913 0.526543           0.382684
         CatBoost 6.647484   6.475198 4.973287 -0.036263 0.982780 0.522848           7.582472
          XGBoost 7.020297   7.080978 5.325550 -0.239225 0.906452 0.584415          24.537593
         LightGBM 6.887178   7.226535 5.444384 -0.290696 0.958997 0.592411          16.373058
Gradient Boosting 7.374748   7.305667 5.461232 -0.319117 1.023077 0.578821           5.030669
2026-03-18 10:03:28,410 - __main__ - INFO - Saved Best Model (Ridge Regression) to models/best_model_Ridge_Regression.pkl
2026-03-18 10:03:28,495 - __main__ - INFO - Metrics and Predictions saved successfully.
2026-03-18 11:03:12,377 - __main__ - INFO - Creating temporal features...
2026-03-18 11:03:12,382 - __main__ - INFO - Creating lag features for target 'quantity'...
2026-03-18 11:03:12,394 - __main__ - INFO - Creating rolling average features for target 'quantity'...
2026-03-18 11:03:12,405 - __main__ - INFO - Adding US holidays...
2026-03-18 11:03:13,074 - __main__ - INFO - Encoding categorical variables...
2026-03-18 11:03:13,098 - __main__ - INFO - Feature engineering completed! Saved to data/processed/features.csv
2026-03-18 11:03:21,146 - __main__ - INFO - Preparing data for multi-model competition...
2026-03-18 11:03:21,160 - __main__ - INFO - Splitting data with split date: 2023-01-19 00:00:00
2026-03-18 11:03:21,168 - __main__ - INFO - --- Starting Model Training and Evaluation ---
2026-03-18 11:03:21,168 - __main__ - INFO - Training and validating XGBoost using TimeSeriesSplit...
2026-03-18 11:03:25,054 - __main__ - INFO - XGBoost CV RMSE: 7.0203
2026-03-18 11:03:25,245 - __main__ - INFO - Training and validating LightGBM using TimeSeriesSplit...
2026-03-18 11:03:27,427 - __main__ - INFO - LightGBM CV RMSE: 6.8872
2026-03-18 11:03:27,477 - __main__ - INFO - Training and validating CatBoost using TimeSeriesSplit...
2026-03-18 11:03:28,885 - __main__ - INFO - CatBoost CV RMSE: 6.6475
2026-03-18 11:03:29,213 - __main__ - INFO - Training and validating Random Forest using TimeSeriesSplit...
2026-03-18 11:03:30,683 - __main__ - INFO - Random Forest CV RMSE: 6.6198
2026-03-18 11:03:31,076 - __main__ - INFO - Training and validating Gradient Boosting using TimeSeriesSplit...
2026-03-18 11:03:32,014 - __main__ - INFO - Gradient Boosting CV RMSE: 7.3747
2026-03-18 11:03:32,300 - __main__ - INFO - Training and validating Ridge Regression using TimeSeriesSplit...
2026-03-18 11:03:32,357 - __main__ - INFO - Ridge Regression CV RMSE: 6.4438
2026-03-18 11:03:32,379 - __main__ - INFO - 
Model Comparison Results (Original Scale):
            Model  CV_RMSE  Test_RMSE      MAE        R2     MAPE    SMAPE  Waste_Reduction_%
 Ridge Regression 6.443779   6.448792 4.925436 -0.027828 0.941341 0.522507          14.202585
    Random Forest 6.619771   6.457384 5.005436 -0.030569 1.030913 0.526543           0.382684
         CatBoost 6.647484   6.475198 4.973287 -0.036263 0.982780 0.522848           7.582472
          XGBoost 7.020297   7.080978 5.325550 -0.239225 0.906452 0.584415          24.537593
         LightGBM 6.887178   7.226535 5.444384 -0.290696 0.958997 0.592411          16.373058
Gradient Boosting 7.374748   7.305667 5.461232 -0.319117 1.023077 0.578821           5.030669
2026-03-18 11:03:32,381 - __main__ - INFO - Saved Best Model (Ridge Regression) to models/best_model_Ridge_Regression.pkl
2026-03-18 11:03:32,390 - __main__ - INFO - Metrics and Predictions saved successfully.
2026-03-18 11:04:02,486 - __main__ - INFO - Creating temporal features...
2026-03-18 11:04:02,489 - __main__ - INFO - Creating lag features for target 'quantity'...
2026-03-18 11:04:02,493 - __main__ - INFO - Creating rolling average features for target 'quantity'...
2026-03-18 11:04:02,504 - __main__ - INFO - Adding US holidays...
2026-03-18 11:04:02,927 - __main__ - INFO - Encoding categorical variables...
2026-03-18 11:04:02,932 - __main__ - INFO - Applying log transformation to columns: ['transaction_amount']
2026-03-18 11:04:02,950 - __main__ - INFO - Feature engineering completed! Saved to data/processed/features.csv
2026-03-18 11:04:09,090 - __main__ - INFO - Preparing data for multi-model competition...
2026-03-18 11:04:09,094 - __main__ - INFO - Applying log transformation to target variable.
2026-03-18 11:04:09,095 - __main__ - INFO - Splitting data with split date: 2023-01-19 00:00:00
2026-03-18 11:04:09,100 - __main__ - INFO - --- Starting Model Training and Evaluation ---
2026-03-18 11:04:09,100 - __main__ - INFO - Training and validating XGBoost using TimeSeriesSplit...
2026-03-18 11:04:11,553 - __main__ - INFO - XGBoost CV RMSE: 7.0998
2026-03-18 11:04:11,725 - __main__ - INFO - Training and validating LightGBM using TimeSeriesSplit...
2026-03-18 11:04:13,543 - __main__ - INFO - LightGBM CV RMSE: 7.1447
2026-03-18 11:04:13,588 - __main__ - INFO - Training and validating CatBoost using TimeSeriesSplit...
2026-03-18 11:04:14,720 - __main__ - INFO - CatBoost CV RMSE: 6.8501
2026-03-18 11:04:14,971 - __main__ - INFO - Training and validating Random Forest using TimeSeriesSplit...
2026-03-18 11:04:16,503 - __main__ - INFO - Random Forest CV RMSE: 6.8922
2026-03-18 11:04:16,886 - __main__ - INFO - Training and validating Gradient Boosting using TimeSeriesSplit...
2026-03-18 11:04:17,758 - __main__ - INFO - Gradient Boosting CV RMSE: 7.3413
2026-03-18 11:04:18,049 - __main__ - INFO - Training and validating Ridge Regression using TimeSeriesSplit...
2026-03-18 11:04:18,074 - __main__ - INFO - Ridge Regression CV RMSE: 6.6969
2026-03-18 11:04:18,092 - __main__ - INFO - 
Model Comparison Results (Original Scale):
            Model  CV_RMSE  Test_RMSE      MAE        R2     MAPE    SMAPE  Waste_Reduction_%
 Ridge Regression 6.696882   6.925118 5.130088 -0.185272 0.784845 0.554001          53.026695
         CatBoost 6.850108   6.949631 5.219093 -0.193678 0.805506 0.567415          49.961264
          XGBoost 7.099804   7.081567 5.423481 -0.239431 0.832488 0.595075          46.804330
    Random Forest 6.892234   7.131590 5.334541 -0.257004 0.822684 0.577630          50.923327
         LightGBM 7.144716   7.302073 5.477512 -0.317820 0.831226 0.599373          44.808144
Gradient Boosting 7.341318   7.818489 5.869257 -0.510808 0.827472 0.656180          47.672360
2026-03-18 11:04:18,094 - __main__ - INFO - Saved Best Model (Ridge Regression) to models/best_model_Ridge_Regression.pkl
2026-03-18 11:04:18,105 - __main__ - INFO - Metrics and Predictions saved successfully.
2026-03-18 11:04:32,079 - src.etl - INFO - Cleaning data...
2026-03-18 11:04:32,099 - src.etl - INFO - Cleaning data...
2026-03-18 11:04:32,120 - src.features - INFO - Creating temporal features...
2026-03-18 11:04:32,134 - src.features - INFO - Creating lag features for target 'quantity'...
2026-03-18 11:08:25,673 - __main__ - INFO - Creating temporal features...
2026-03-18 11:08:25,675 - __main__ - INFO - Creating lag features for target 'quantity'...
2026-03-18 11:08:25,678 - __main__ - INFO - Creating rolling average features for target 'quantity'...
2026-03-18 11:08:25,688 - __main__ - INFO - Adding US holidays...
2026-03-18 11:08:26,052 - __main__ - INFO - Encoding categorical variables...
2026-03-18 11:08:26,067 - __main__ - INFO - Feature engineering completed! Saved to data/processed/features.csv
2026-03-18 11:08:32,415 - __main__ - INFO - Preparing data for multi-model competition...
2026-03-18 11:08:32,419 - __main__ - INFO - Splitting data with split date: 2023-01-19 00:00:00
2026-03-18 11:08:32,421 - __main__ - INFO - --- Starting Model Training and Evaluation ---
2026-03-18 11:08:32,421 - __main__ - INFO - Training and validating XGBoost using TimeSeriesSplit...
2026-03-18 11:08:35,024 - __main__ - INFO - XGBoost CV RMSE: 7.0203
2026-03-18 11:08:35,192 - __main__ - INFO - Training and validating LightGBM using TimeSeriesSplit...
2026-03-18 11:08:36,971 - __main__ - INFO - LightGBM CV RMSE: 6.8872
2026-03-18 11:08:37,020 - __main__ - INFO - Training and validating CatBoost using TimeSeriesSplit...
2026-03-18 11:08:38,151 - __main__ - INFO - CatBoost CV RMSE: 6.6475
2026-03-18 11:08:38,389 - __main__ - INFO - Training and validating Random Forest using TimeSeriesSplit...
2026-03-18 11:08:39,800 - __main__ - INFO - Random Forest CV RMSE: 6.6198
2026-03-18 11:08:40,189 - __main__ - INFO - Training and validating Gradient Boosting using TimeSeriesSplit...
2026-03-18 11:08:41,137 - __main__ - INFO - Gradient Boosting CV RMSE: 7.3747
2026-03-18 11:08:41,411 - __main__ - INFO - Training and validating Ridge Regression using TimeSeriesSplit...
2026-03-18 11:08:41,437 - __main__ - INFO - Ridge Regression CV RMSE: 6.4438
2026-03-18 11:08:41,452 - __main__ - INFO - 
Model Comparison Results (Original Scale):
            Model  CV_RMSE  Test_RMSE      MAE        R2     MAPE    SMAPE  Waste_Reduction_%
 Ridge Regression 6.443779   6.448792 4.925436 -0.027828 0.941341 0.522507          14.202585
    Random Forest 6.619771   6.457384 5.005436 -0.030569 1.030913 0.526543           0.382684
         CatBoost 6.647484   6.475198 4.973287 -0.036263 0.982780 0.522848           7.582472
          XGBoost 7.020297   7.080978 5.325550 -0.239225 0.906452 0.584415          24.537593
         LightGBM 6.887178   7.226535 5.444384 -0.290696 0.958997 0.592411          16.373058
Gradient Boosting 7.374748   7.305667 5.461232 -0.319117 1.023077 0.578821           5.030669
2026-03-18 11:08:41,454 - __main__ - INFO - Saved Best Model (Ridge Regression) to models/best_model_Ridge_Regression.pkl
2026-03-18 11:08:41,463 - __main__ - INFO - Metrics and Predictions saved successfully.
2026-03-18 11:09:08,046 - __main__ - INFO - Creating temporal features...
2026-03-18 11:09:08,048 - __main__ - INFO - Creating lag features for target 'quantity'...
2026-03-18 11:09:08,052 - __main__ - INFO - Creating rolling average features for target 'quantity'...
2026-03-18 11:09:08,062 - __main__ - INFO - Adding US holidays...
2026-03-18 11:09:08,423 - __main__ - INFO - Encoding categorical variables...
2026-03-18 11:09:08,427 - __main__ - INFO - Applying log transformation to columns: ['transaction_amount']
2026-03-18 11:09:08,441 - __main__ - INFO - Feature engineering completed! Saved to data/processed/features.csv
2026-03-18 11:09:14,631 - __main__ - INFO - Preparing data for multi-model competition...
2026-03-18 11:09:14,635 - __main__ - INFO - Applying log transformation to target variable.
2026-03-18 11:09:14,635 - __main__ - INFO - Splitting data with split date: 2023-01-19 00:00:00
2026-03-18 11:09:14,641 - __main__ - INFO - --- Starting Model Training and Evaluation ---
2026-03-18 11:09:14,641 - __main__ - INFO - Training and validating XGBoost using TimeSeriesSplit...
2026-03-18 11:09:17,179 - __main__ - INFO - XGBoost CV RMSE: 7.0998
2026-03-18 11:09:17,349 - __main__ - INFO - Training and validating LightGBM using TimeSeriesSplit...
2026-03-18 11:09:19,248 - __main__ - INFO - LightGBM CV RMSE: 7.1447
2026-03-18 11:09:19,296 - __main__ - INFO - Training and validating CatBoost using TimeSeriesSplit...
2026-03-18 11:09:20,411 - __main__ - INFO - CatBoost CV RMSE: 6.8501
2026-03-18 11:09:20,649 - __main__ - INFO - Training and validating Random Forest using TimeSeriesSplit...
2026-03-18 11:09:22,038 - __main__ - INFO - Random Forest CV RMSE: 6.8922
2026-03-18 11:09:22,412 - __main__ - INFO - Training and validating Gradient Boosting using TimeSeriesSplit...
2026-03-18 11:09:23,280 - __main__ - INFO - Gradient Boosting CV RMSE: 7.3413
2026-03-18 11:09:23,553 - __main__ - INFO - Training and validating Ridge Regression using TimeSeriesSplit...
2026-03-18 11:09:23,577 - __main__ - INFO - Ridge Regression CV RMSE: 6.6969
2026-03-18 11:09:23,592 - __main__ - INFO - 
Model Comparison Results (Original Scale):
            Model  CV_RMSE  Test_RMSE      MAE        R2     MAPE    SMAPE  Waste_Reduction_%
 Ridge Regression 6.696882   6.925118 5.130088 -0.185272 0.784845 0.554001          53.026695
         CatBoost 6.850108   6.949631 5.219093 -0.193678 0.805506 0.567415          49.961264
          XGBoost 7.099804   7.081567 5.423481 -0.239431 0.832488 0.595075          46.804330
    Random Forest 6.892234   7.131590 5.334541 -0.257004 0.822684 0.577630          50.923327
         LightGBM 7.144716   7.302073 5.477512 -0.317820 0.831226 0.599373          44.808144
Gradient Boosting 7.341318   7.818489 5.869257 -0.510808 0.827472 0.656180          47.672360
2026-03-18 11:09:23,594 - __main__ - INFO - Saved Best Model (Ridge Regression) to models/best_model_Ridge_Regression.pkl
2026-03-18 11:09:23,602 - __main__ - INFO - Metrics and Predictions saved successfully.
2026-03-18 11:09:35,088 - src.etl - INFO - Cleaning data...
2026-03-18 11:09:35,100 - src.etl - INFO - Cleaning data...
2026-03-18 11:09:35,109 - src.features - INFO - Creating temporal features...
2026-03-18 11:09:35,115 - src.features - INFO - Creating lag features for target 'quantity'...
